<?xml version="1.0" encoding="UTF-8"?>
<testng-results skipped="0" failed="0" ignored="0" total="2" passed="2">
  <reporter-output>
  </reporter-output>
  <suite name="Default Suite" duration-ms="5585" started-at="2023-11-16T20:14:31Z" finished-at="2023-11-16T20:14:36Z">
    <groups>
    </groups>
    <test name="Google2" duration-ms="5585" started-at="2023-11-16T20:14:31Z" finished-at="2023-11-16T20:14:36Z">
      <class name="org.Google.stepdefinitions.Amazon">
        <test-method status="PASS" signature="loginAmazon()[pri:0, instance:org.Google.stepdefinitions.Amazon@531be3c5]" name="loginAmazon" duration-ms="5540" started-at="2023-11-16T20:14:31Z" finished-at="2023-11-16T20:14:36Z">
          <reporter-output>
          </reporter-output>
        </test-method> <!-- loginAmazon -->
        <test-method status="PASS" signature="verifyTitle()[pri:0, instance:org.Google.stepdefinitions.Amazon@531be3c5]" name="verifyTitle" duration-ms="18" started-at="2023-11-16T20:14:36Z" finished-at="2023-11-16T20:14:36Z">
          <reporter-output>
          </reporter-output>
        </test-method> <!-- verifyTitle -->
      </class> <!-- org.Google.stepdefinitions.Amazon -->
    </test> <!-- Google2 -->
  </suite> <!-- Default Suite -->
</testng-results>
