<?xml version="1.0" encoding="UTF-8"?>
<!-- Generated by org.testng.reporters.JUnitReportReporter -->
<testsuite skipped="0" hostname="Aylins-MacBook-Pro.local" name="org.Google.stepdefinitions.Amazon" tests="2" failures="0" timestamp="16 Nov 2023 20:14:36 GMT" time="5.558" errors="0">
  <testcase name="verifyTitle" time="0.018" classname="org.Google.stepdefinitions.Amazon"/>
  <testcase name="loginAmazon" time="5.540" classname="org.Google.stepdefinitions.Amazon"/>
</testsuite> <!-- org.Google.stepdefinitions.Amazon -->
